<?xml version="1.0" encoding="UTF-8"?>
<!-- Generated by org.testng.reporters.JUnitXMLReporter -->
<testsuite hostname="LAPTOP-E7MVSPDI" failures="0" tests="2" name="Surefire test" time="0.05" errors="0" timestamp="7 Jul 2021 20:08:28 GMT">
  <testcase classname="qaclickacademy.Mavenjava.AppiumTest" name="DeleteTwitter on DeleteTwitter(qaclickacademy.Mavenjava.AppiumTest)" time="0.004"/>
  <testcase classname="qaclickacademy.Mavenjava.AppiumTest" name="postJira on postJira(qaclickacademy.Mavenjava.AppiumTest)" time="0.0"/>
</testsuite> <!-- Surefire test -->
